{"EventID": 4672, "PredictedValue": 0, "SourceName": "Microsoft-Windows-Security-Auditing", "Status": "Basarisiz Denetim", "Channel": "Security", "Message": ["S-1-5-18", "SYSTEM", "NT AUTHORITY", "0x3e7", "SeAssignPrimaryTokenPrivilege\r\n\t\t\tSeTcbPrivilege\r\n\t\t\tSeSecurityPrivilege\r\n\t\t\tSeTakeOwnershipPrivilege\r\n\t\t\tSeLoadDriverPrivilege\r\n\t\t\tSeBackupPrivilege\r\n\t\t\tSeRestorePrivilege\r\n\t\t\tSeDebugPrivilege\r\n\t\t\tSeAuditPrivilege\r\n\t\t\tSeSystemEnvironmentPrivilege\r\n\t\t\tSeImpersonatePrivilege\r\n\t\t\tSeDelegateSessionUserImpersonatePrivilege"]}
{"EventID": 4624, "PredictedValue": 0, "SourceName": "Microsoft-Windows-Security-Auditing", "Status": "Basarisiz Denetim", "Channel": "Security", "Message": ["S-1-5-18", "LENOVO$", "WORKGROUP", "0x3e7", "S-1-5-18", "SYSTEM", "NT AUTHORITY", "0x3e7", "5", "Advapi  ", "Negotiate", "-", "{00000000-0000-0000-0000-000000000000}", "-", "-", "0", "0x500", "C:\\Windows\\System32\\services.exe", "-", "-", "%%1833", "-", "-", "-", "-", "%%1843", "0x0", "%%1842"]}
{"EventID": 4798, "PredictedValue": 0, "SourceName": "Microsoft-Windows-Security-Auditing", "Status": "Basarisiz Denetim", "Channel": "Security", "Message": ["muham", "lenovo", "S-1-5-21-1891237467-1706327758-3733786581-1001", "S-1-5-18", "LENOVO$", "WORKGROUP", "0x3e7", "0x2268", "C:\\Windows\\System32\\svchost.exe"]}
{"EventID": 4798, "PredictedValue": 0, "SourceName": "Microsoft-Windows-Security-Auditing", "Status": "Basarisiz Denetim", "Channel": "Security", "Message": ["mrrsa", "lenovo", "S-1-5-21-1891237467-1706327758-3733786581-1006", "S-1-5-18", "LENOVO$", "WORKGROUP", "0x3e7", "0x2268", "C:\\Windows\\System32\\svchost.exe"]}
{"EventID": 4798, "PredictedValue": 0, "SourceName": "Microsoft-Windows-Security-Auditing", "Status": "Basarisiz Denetim", "Channel": "Security", "Message": ["Guest", "lenovo", "S-1-5-21-1891237467-1706327758-3733786581-501", "S-1-5-18", "LENOVO$", "WORKGROUP", "0x3e7", "0x2268", "C:\\Windows\\System32\\svchost.exe"]}
{"EventID": 4798, "PredictedValue": 0, "SourceName": "Microsoft-Windows-Security-Auditing", "Status": "Basarisiz Denetim", "Channel": "Security", "Message": ["Administrator", "lenovo", "S-1-5-21-1891237467-1706327758-3733786581-500", "S-1-5-18", "LENOVO$", "WORKGROUP", "0x3e7", "0x2268", "C:\\Windows\\System32\\svchost.exe"]}
{"EventID": 4798, "PredictedValue": 0, "SourceName": "Microsoft-Windows-Security-Auditing", "Status": "Basarisiz Denetim", "Channel": "Security", "Message": ["mrrsa", "lenovo", "S-1-5-21-1891237467-1706327758-3733786581-1006", "S-1-5-18", "LENOVO$", "WORKGROUP", "0x3e7", "0x2268", "C:\\Windows\\System32\\svchost.exe"]}
{"EventID": 4798, "PredictedValue": 0, "SourceName": "Microsoft-Windows-Security-Auditing", "Status": "Basarisiz Denetim", "Channel": "Security", "Message": ["Guest", "lenovo", "S-1-5-21-1891237467-1706327758-3733786581-501", "S-1-5-18", "LENOVO$", "WORKGROUP", "0x3e7", "0x2268", "C:\\Windows\\System32\\svchost.exe"]}
{"EventID": 4672, "PredictedValue": 0, "SourceName": "Microsoft-Windows-Security-Auditing", "Status": "Basarisiz Denetim", "Channel": "Security", "Message": ["S-1-5-18", "SYSTEM", "NT AUTHORITY", "0x3e7", "SeAssignPrimaryTokenPrivilege\r\n\t\t\tSeTcbPrivilege\r\n\t\t\tSeSecurityPrivilege\r\n\t\t\tSeTakeOwnershipPrivilege\r\n\t\t\tSeLoadDriverPrivilege\r\n\t\t\tSeBackupPrivilege\r\n\t\t\tSeRestorePrivilege\r\n\t\t\tSeDebugPrivilege\r\n\t\t\tSeAuditPrivilege\r\n\t\t\tSeSystemEnvironmentPrivilege\r\n\t\t\tSeImpersonatePrivilege\r\n\t\t\tSeDelegateSessionUserImpersonatePrivilege"]}
{"EventID": 4624, "PredictedValue": 0, "SourceName": "Microsoft-Windows-Security-Auditing", "Status": "Basarisiz Denetim", "Channel": "Security", "Message": ["S-1-5-18", "LENOVO$", "WORKGROUP", "0x3e7", "S-1-5-18", "SYSTEM", "NT AUTHORITY", "0x3e7", "5", "Advapi  ", "Negotiate", "-", "{00000000-0000-0000-0000-000000000000}", "-", "-", "0", "0x500", "C:\\Windows\\System32\\services.exe", "-", "-", "%%1833", "-", "-", "-", "-", "%%1843", "0x0", "%%1842"]}
{"EventID": 5379, "PredictedValue": 0, "SourceName": "Microsoft-Windows-Security-Auditing", "Status": "Basarisiz Denetim", "Channel": "Security", "Message": ["S-1-5-21-1891237467-1706327758-3733786581-1001", "muham", "LENOVO", "0x3ad1e7e8", "MicrosoftOffice16_Data:OAUTH2:115712433474935097256_tp_google_imap_OAuth2*", "0", "1", "%%8100", "0", "2024-05-23T14:47:39.6281863Z", "5736"]}
{"EventID": 5379, "PredictedValue": 0, "SourceName": "Microsoft-Windows-Security-Auditing", "Status": "Basarisiz Denetim", "Channel": "Security", "Message": ["S-1-5-21-1891237467-1706327758-3733786581-1001", "muham", "LENOVO", "0x3ad1e7e8", "MicrosoftOffice16_Data:OAUTH2:115712433474935097256_tp_google_imap_OAuth2*", "0", "1", "%%8100", "0", "2024-05-23T14:47:39.6281863Z", "5736"]}
{"EventID": 5379, "PredictedValue": 0, "SourceName": "Microsoft-Windows-Security-Auditing", "Status": "Basarisiz Denetim", "Channel": "Security", "Message": ["S-1-5-21-1891237467-1706327758-3733786581-1001", "muham", "LENOVO", "0x3ad1e7e8", "MicrosoftOffice16_Data:OAUTH2:115712433474935097256_tp_google_imap_OAuth2*", "0", "1", "%%8100", "0", "2024-05-23T14:47:39.5360342Z", "17404"]}
{"EventID": 5379, "PredictedValue": 0, "SourceName": "Microsoft-Windows-Security-Auditing", "Status": "Basarisiz Denetim", "Channel": "Security", "Message": ["S-1-5-21-1891237467-1706327758-3733786581-1001", "muham", "LENOVO", "0x3ad1e7e8", "MicrosoftOffice16_Data:OAUTH2:115712433474935097256_tp_google_imap_OAuth2*", "0", "1", "%%8100", "0", "2024-05-23T14:47:39.5360342Z", "17404"]}
{"EventID": 5379, "PredictedValue": 0, "SourceName": "Microsoft-Windows-Security-Auditing", "Status": "Basarisiz Denetim", "Channel": "Security", "Message": ["S-1-5-21-1891237467-1706327758-3733786581-1001", "muham", "LENOVO", "0x3ad1e7e8", "MicrosoftAccount:user=muhammedsayar47@outlook.com", "0", "1", "%%8100", "0", "2024-05-23T14:46:00.8949493Z", "20360"]}
{"EventID": 5379, "PredictedValue": 0, "SourceName": "Microsoft-Windows-Security-Auditing", "Status": "Basarisiz Denetim", "Channel": "Security", "Message": ["S-1-5-21-1891237467-1706327758-3733786581-1001", "muham", "LENOVO", "0x8418dab", "MicrosoftOffice16_Data:OAUTH2:115712433474935097256_tp_google_imap_OAuth2*", "0", "1", "%%8100", "0", "2024-05-27T15:08:12.8753946Z", "7740"]}
{"EventID": 5379, "PredictedValue": 0, "SourceName": "Microsoft-Windows-Security-Auditing", "Status": "Basarisiz Denetim", "Channel": "Security", "Message": ["S-1-5-21-1891237467-1706327758-3733786581-1001", "muham", "LENOVO", "0x8418dab", "MicrosoftOffice16_Data:OAUTH2:115712433474935097256_tp_google_imap_OAuth2*", "0", "1", "%%8100", "0", "2024-05-27T15:08:12.8753946Z", "7740"]}
{"EventID": 5379, "PredictedValue": 0, "SourceName": "Microsoft-Windows-Security-Auditing", "Status": "Basarisiz Denetim", "Channel": "Security", "Message": ["S-1-5-21-1891237467-1706327758-3733786581-1001", "muham", "LENOVO", "0x8418dab", "MicrosoftOffice16_Data:OAUTH2:115712433474935097256_tp_google_imap_OAuth2*", "0", "1", "%%8100", "0", "2024-05-27T15:08:12.7771879Z", "26228"]}
{"EventID": 5379, "PredictedValue": 0, "SourceName": "Microsoft-Windows-Security-Auditing", "Status": "Basarisiz Denetim", "Channel": "Security", "Message": ["S-1-5-21-1891237467-1706327758-3733786581-1001", "muham", "LENOVO", "0x8418dab", "MicrosoftOffice16_Data:OAUTH2:115712433474935097256_tp_google_imap_OAuth2*", "0", "1", "%%8100", "0", "2024-05-27T15:08:12.7771879Z", "26228"]}
{"EventID": 4672, "PredictedValue": 0, "SourceName": "Microsoft-Windows-Security-Auditing", "Status": "Basarisiz Denetim", "Channel": "Security", "Message": ["S-1-5-18", "SYSTEM", "NT AUTHORITY", "0x3e7", "SeAssignPrimaryTokenPrivilege\r\n\t\t\tSeTcbPrivilege\r\n\t\t\tSeSecurityPrivilege\r\n\t\t\tSeTakeOwnershipPrivilege\r\n\t\t\tSeLoadDriverPrivilege\r\n\t\t\tSeBackupPrivilege\r\n\t\t\tSeRestorePrivilege\r\n\t\t\tSeDebugPrivilege\r\n\t\t\tSeAuditPrivilege\r\n\t\t\tSeSystemEnvironmentPrivilege\r\n\t\t\tSeImpersonatePrivilege\r\n\t\t\tSeDelegateSessionUserImpersonatePrivilege"]}
{"EventID": 4624, "PredictedValue": 0, "SourceName": "Microsoft-Windows-Security-Auditing", "Status": "Basarisiz Denetim", "Channel": "Security", "Message": ["S-1-5-18", "LENOVO$", "WORKGROUP", "0x3e7", "S-1-5-18", "SYSTEM", "NT AUTHORITY", "0x3e7", "5", "Advapi  ", "Negotiate", "-", "{00000000-0000-0000-0000-000000000000}", "-", "-", "0", "0x514", "C:\\Windows\\System32\\services.exe", "-", "-", "%%1833", "-", "-", "-", "-", "%%1843", "0x0", "%%1842"]}
{"EventID": 4799, "PredictedValue": 0, "SourceName": "Microsoft-Windows-Security-Auditing", "Status": "Basarisiz Denetim", "Channel": "Security", "Message": ["Backup Operators", "Builtin", "S-1-5-32-551", "S-1-5-18", "LENOVO$", "WORKGROUP", "0x3e7", "0xae4", "C:\\Windows\\System32\\svchost.exe"]}
{"EventID": 5382, "PredictedValue": 0, "SourceName": "Microsoft-Windows-Security-Auditing", "Status": "Basarisiz Denetim", "Channel": "Security", "Message": ["S-1-5-18", "LENOVO$", "WORKGROUP", "0x3e7", "NGC Local Accoount Logon Vault Resource Schema", "{1d4350a3-330d-4af9-b3ff-a927a45998ac}", "NGC Local Accoount Logon Vault Resource", "0105000000000005150000005BFEB970CE7EB465D50F8DDEE9030000", "", "0", "1168", "2024-05-26T13:40:25.4256863Z", "7508"]}
{"EventID": 4672, "PredictedValue": 0, "SourceName": "Microsoft-Windows-Security-Auditing", "Status": "Basarisiz Denetim", "Channel": "Security", "Message": ["S-1-5-18", "SYSTEM", "NT AUTHORITY", "0x3e7", "SeAssignPrimaryTokenPrivilege\r\n\t\t\tSeTcbPrivilege\r\n\t\t\tSeSecurityPrivilege\r\n\t\t\tSeTakeOwnershipPrivilege\r\n\t\t\tSeLoadDriverPrivilege\r\n\t\t\tSeBackupPrivilege\r\n\t\t\tSeRestorePrivilege\r\n\t\t\tSeDebugPrivilege\r\n\t\t\tSeAuditPrivilege\r\n\t\t\tSeSystemEnvironmentPrivilege\r\n\t\t\tSeImpersonatePrivilege\r\n\t\t\tSeDelegateSessionUserImpersonatePrivilege"]}
{"EventID": 4624, "PredictedValue": 0, "SourceName": "Microsoft-Windows-Security-Auditing", "Status": "Basarisiz Denetim", "Channel": "Security", "Message": ["S-1-5-18", "LENOVO$", "WORKGROUP", "0x3e7", "S-1-5-18", "SYSTEM", "NT AUTHORITY", "0x3e7", "5", "Advapi  ", "Negotiate", "-", "{00000000-0000-0000-0000-000000000000}", "-", "-", "0", "0x514", "C:\\Windows\\System32\\services.exe", "-", "-", "%%1833", "-", "-", "-", "-", "%%1843", "0x0", "%%1842"]}
{"EventID": 5379, "PredictedValue": 0, "SourceName": "Microsoft-Windows-Security-Auditing", "Status": "Basarisiz Denetim", "Channel": "Security", "Message": ["S-1-5-21-1891237467-1706327758-3733786581-1001", "muham", "LENOVO", "0x8418dab", "MicrosoftAccount:user=muhammedsayar47@outlook.com", "0", "1", "%%8100", "0", "2024-05-27T15:19:34.5266811Z", "14224"]}
{"EventID": 5379, "PredictedValue": 0, "SourceName": "Microsoft-Windows-Security-Auditing", "Status": "Basarisiz Denetim", "Channel": "Security", "Message": ["S-1-5-21-1891237467-1706327758-3733786581-1001", "muham", "LENOVO", "0x8418dab", "MicrosoftAccount:user=muhammedsayar47@outlook.com", "0", "1", "%%8100", "0", "2024-05-27T15:19:34.5266811Z", "14224"]}
{"EventID": 5379, "PredictedValue": 0, "SourceName": "Microsoft-Windows-Security-Auditing", "Status": "Basarisiz Denetim", "Channel": "Security", "Message": ["S-1-5-21-1891237467-1706327758-3733786581-1001", "muham", "LENOVO", "0x8418dab", "MicrosoftAccount:user=muhammedsayar47@outlook.com", "0", "1", "%%8100", "0", "2024-05-27T15:19:34.5266811Z", "14224"]}
{"EventID": 5379, "PredictedValue": 0, "SourceName": "Microsoft-Windows-Security-Auditing", "Status": "Basarisiz Denetim", "Channel": "Security", "Message": ["S-1-5-21-1891237467-1706327758-3733786581-1001", "muham", "LENOVO", "0x8418dab", "MicrosoftAccount:user=muhammedsayar47@outlook.com", "0", "1", "%%8100", "0", "2024-05-27T15:19:34.5266811Z", "14224"]}
{"EventID": 4672, "PredictedValue": 0, "SourceName": "Microsoft-Windows-Security-Auditing", "Status": "Basarisiz Denetim", "Channel": "Security", "Message": ["S-1-5-18", "SYSTEM", "NT AUTHORITY", "0x3e7", "SeAssignPrimaryTokenPrivilege\r\n\t\t\tSeTcbPrivilege\r\n\t\t\tSeSecurityPrivilege\r\n\t\t\tSeTakeOwnershipPrivilege\r\n\t\t\tSeLoadDriverPrivilege\r\n\t\t\tSeBackupPrivilege\r\n\t\t\tSeRestorePrivilege\r\n\t\t\tSeDebugPrivilege\r\n\t\t\tSeAuditPrivilege\r\n\t\t\tSeSystemEnvironmentPrivilege\r\n\t\t\tSeImpersonatePrivilege\r\n\t\t\tSeDelegateSessionUserImpersonatePrivilege"], "TimeGenerated": "2024-05-27 19:04:41"}
{"EventID": 4624, "PredictedValue": 0, "SourceName": "Microsoft-Windows-Security-Auditing", "Status": "Basarisiz Denetim", "Channel": "Security", "Message": ["S-1-5-18", "LENOVO$", "WORKGROUP", "0x3e7", "S-1-5-18", "SYSTEM", "NT AUTHORITY", "0x3e7", "5", "Advapi  ", "Negotiate", "-", "{00000000-0000-0000-0000-000000000000}", "-", "-", "0", "0x514", "C:\\Windows\\System32\\services.exe", "-", "-", "%%1833", "-", "-", "-", "-", "%%1843", "0x0", "%%1842"], "TimeGenerated": "2024-05-27 19:04:41"}
{"EventID": 4799, "PredictedValue": 0, "SourceName": "Microsoft-Windows-Security-Auditing", "Status": "Basarisiz Denetim", "Channel": "Security", "Message": ["Backup Operators", "Builtin", "S-1-5-32-551", "S-1-5-18", "LENOVO$", "WORKGROUP", "0x3e7", "0x679c", "C:\\Windows\\System32\\svchost.exe"], "TimeGenerated": "2024-05-27 18:53:26"}
{"EventID": 4799, "PredictedValue": 0, "SourceName": "Microsoft-Windows-Security-Auditing", "Status": "Basarisiz Denetim", "Channel": "Security", "Message": ["Administrators", "Builtin", "S-1-5-32-544", "S-1-5-18", "LENOVO$", "WORKGROUP", "0x3e7", "0x679c", "C:\\Windows\\System32\\svchost.exe"], "TimeGenerated": "2024-05-27 18:53:26"}
{"EventID": 4672, "PredictedValue": 0, "SourceName": "Microsoft-Windows-Security-Auditing", "Status": "Basarisiz Denetim", "Channel": "Security", "Message": ["S-1-5-18", "SYSTEM", "NT AUTHORITY", "0x3e7", "SeAssignPrimaryTokenPrivilege\r\n\t\t\tSeTcbPrivilege\r\n\t\t\tSeSecurityPrivilege\r\n\t\t\tSeTakeOwnershipPrivilege\r\n\t\t\tSeLoadDriverPrivilege\r\n\t\t\tSeBackupPrivilege\r\n\t\t\tSeRestorePrivilege\r\n\t\t\tSeDebugPrivilege\r\n\t\t\tSeAuditPrivilege\r\n\t\t\tSeSystemEnvironmentPrivilege\r\n\t\t\tSeImpersonatePrivilege\r\n\t\t\tSeDelegateSessionUserImpersonatePrivilege"], "TimeGenerated": "2024-05-27 18:53:22"}
{"EventID": 4624, "PredictedValue": 0, "SourceName": "Microsoft-Windows-Security-Auditing", "Status": "Basarisiz Denetim", "Channel": "Security", "Message": ["S-1-5-18", "LENOVO$", "WORKGROUP", "0x3e7", "S-1-5-18", "SYSTEM", "NT AUTHORITY", "0x3e7", "5", "Advapi  ", "Negotiate", "-", "{00000000-0000-0000-0000-000000000000}", "-", "-", "0", "0x514", "C:\\Windows\\System32\\services.exe", "-", "-", "%%1833", "-", "-", "-", "-", "%%1843", "0x0", "%%1842"], "TimeGenerated": "2024-05-27 18:53:22"}
